<?xml version="1.0" encoding="UTF-8"?>
<testsuite name="org.example.SILab2Test" tests="2" skipped="0" failures="0" errors="0" timestamp="2025-05-14T21:49:31" hostname="DESKTOP-UUVDJI8" time="0.018">
  <properties/>
  <testcase name="testEveryStatement()" classname="org.example.SILab2Test" time="0.015"/>
  <testcase name="testMultipleCondition()" classname="org.example.SILab2Test" time="0.001"/>
  <system-out><![CDATA[]]></system-out>
  <system-err><![CDATA[]]></system-err>
</testsuite>
